   Compiling cfg-if v1.0.4
   Compiling bytes v1.11.0
   Compiling once_cell v1.21.3
   Compiling memchr v2.7.6
   Compiling itoa v1.0.16
   Compiling core-foundation-sys v0.8.7
   Compiling pin-project-lite v0.2.16
   Compiling libc v0.2.178
   Compiling libm v0.2.15
   Compiling num-traits v0.2.19
   Compiling serde_core v1.0.228
   Compiling hashbrown v0.16.1
   Compiling futures-core v0.3.31
   Compiling smallvec v1.15.1
   Compiling equivalent v1.0.2
   Compiling zerocopy v0.8.31
   Compiling ryu v1.0.21
   Compiling base64 v0.22.1
   Compiling siphasher v1.0.1
   Compiling iana-time-zone v0.1.64
   Compiling bitflags v2.10.0
   Compiling arrow-schema v54.3.1
   Compiling pin-utils v0.1.0
   Compiling slab v0.4.11
   Compiling regex-syntax v0.8.8
   Compiling phf_shared v0.12.1
   Compiling scopeguard v1.2.0
   Compiling futures-task v0.3.31
   Compiling futures-io v0.3.31
   Compiling phf v0.12.1
   Compiling aho-corasick v1.1.4
   Compiling lock_api v0.4.14
   Compiling tower-service v0.3.3
   Compiling jobserver v0.1.34
   Compiling socket2 v0.6.1
   Compiling mio v1.1.1
   Compiling getrandom v0.3.4
   Compiling http v1.4.0
   Compiling parking_lot_core v0.9.12
   Compiling lexical-util v1.0.7
   Compiling zerofrom v0.1.6
   Compiling zeroize v1.8.2
   Compiling cc v1.2.50
   Compiling percent-encoding v2.3.2
   Compiling parking_lot v0.12.5
   Compiling stable_deref_trait v1.2.1
   Compiling signal-hook-registry v1.4.7
   Compiling futures-sink v0.3.31
   Compiling yoke v0.8.1
   Compiling rustls-pki-types v1.13.2
   Compiling untrusted v0.9.0
   Compiling subtle v2.6.1
   Compiling tokio v1.48.0
   Compiling log v0.4.29
   Compiling lexical-write-integer v1.0.6
   Compiling lexical-parse-integer v1.0.6
   Compiling zerovec v0.11.5
   Compiling tracing-core v0.1.36
   Compiling lexical-parse-float v1.0.6
   Compiling either v1.15.0
   Compiling http-body v1.0.1
   Compiling lexical-write-float v1.0.6
   Compiling try-lock v0.2.5
   Compiling unicode-width v0.2.2
   Compiling atomic-waker v1.1.2
   Compiling strum v0.26.3
   Compiling want v0.3.1
   Compiling httparse v1.10.1
   Compiling num-complex v0.4.6
   Compiling num-integer v0.1.46
   Compiling lexical-core v1.0.6
   Compiling atoi v2.0.0
   Compiling futures-channel v0.3.31
   Compiling sync_wrapper v1.0.2
   Compiling comfy-table v7.1.2
   Compiling tower-layer v0.3.3
   Compiling tracing v0.1.44
   Compiling tinystr v0.8.2
   Compiling litemap v0.8.1
   Compiling half v2.7.1
   Compiling num-bigint v0.4.6
   Compiling ahash v0.8.12
   Compiling num-iter v0.1.45
   Compiling futures-util v0.3.31
   Compiling ipnet v2.11.0
   Compiling writeable v0.6.2
   Compiling foldhash v0.1.5
   Compiling potential_utf v0.1.4
   Compiling zerotrie v0.2.3
   Compiling cmake v0.1.57
   Compiling http-body-util v0.1.3
   Compiling hashbrown v0.15.5
   Compiling icu_locale_core v2.1.1
   Compiling icu_collections v2.1.1
   Compiling getrandom v0.2.16
   Compiling serde v1.0.228
   Compiling indexmap v2.12.1
   Compiling icu_normalizer_data v2.1.1
   Compiling icu_properties_data v2.1.2
   Compiling form_urlencoded v1.2.2
   Compiling lazy_static v1.5.0
   Compiling aws-lc-sys v0.35.0
   Compiling ring v0.17.14
   Compiling csv-core v0.1.13
   Compiling bitflags v1.3.2
   Compiling twox-hash v2.1.2
   Compiling flatbuffers v24.12.23
   Compiling chrono v0.4.42
   Compiling icu_provider v2.1.1
   Compiling serde_json v1.0.146
   Compiling lz4_flex v0.11.5
   Compiling simdutf8 v0.1.5
   Compiling utf8_iter v1.0.4
   Compiling icu_properties v2.1.2
   Compiling num-rational v0.4.2
   Compiling icu_normalizer v2.1.1
   Compiling fnv v1.0.7
   Compiling typenum v1.19.0
   Compiling ppv-lite86 v0.2.21
   Compiling object v0.32.2
   Compiling iri-string v0.7.9
   Compiling adler2 v2.0.1
   Compiling httpdate v1.0.3
   Compiling crc32fast v1.5.0
   Compiling num v0.4.3
   Compiling arrow-buffer v54.3.1
   Compiling regex-automata v0.4.13
   Compiling generic-array v0.14.7
   Compiling itertools v0.14.0
   Compiling stacker v0.1.22
   Compiling chrono-tz v0.10.4
   Compiling idna_adapter v1.2.1
   Compiling arrow-data v54.3.1
   Compiling idna v1.1.0
   Compiling crypto-common v0.1.7
   Compiling block-buffer v0.10.4
   Compiling core-foundation v0.10.1
   Compiling security-framework-sys v2.15.0
   Compiling allocator-api2 v0.2.21
   Compiling digest v0.10.7
   Compiling security-framework v3.5.1
   Compiling zstd-sys v2.0.16+zstd.1.5.7
   Compiling rand_core v0.6.4
   Compiling futures-executor v0.3.31
   Compiling rand_chacha v0.3.1
   Compiling serde_urlencoded v0.7.1
   Compiling futures v0.3.31
   Compiling url v2.5.7
   Compiling rand v0.8.5
   Compiling humantime v2.3.0
   Compiling same-file v1.0.6
   Compiling alloc-no-stdlib v2.0.4
   Compiling simd-adler32 v0.3.8
   Compiling walkdir v2.5.0
   Compiling alloc-stdlib v0.2.2
   Compiling snafu v0.8.9
   Compiling md-5 v0.10.6
   Compiling rustls-native-certs v0.8.2
   Compiling miniz_oxide v0.8.9
   Compiling tokio-util v0.7.17
   Compiling quick-xml v0.37.5
   Compiling itertools v0.13.0
   Compiling rustls-pemfile v2.2.0
   Compiling brotli-decompressor v4.0.3
   Compiling ar_archive_writer v0.2.0
   Compiling flate2 v1.1.5
   Compiling csv v1.4.0
   Compiling h2 v0.4.12
   Compiling tower v0.5.2
   Compiling regex v1.12.2
   Compiling ordered-float v2.10.1
   Compiling psm v0.1.28
   Compiling static_assertions v1.1.0
   Compiling byteorder v1.5.0
   Compiling integer-encoding v3.0.4
   Compiling thrift v0.17.0
   Compiling brotli v7.0.0
   Compiling twox-hash v1.6.3
   Compiling snap v1.1.1
   Compiling tower-http v0.6.8
   Compiling errno v0.3.14
   Compiling hashbrown v0.14.5
   Compiling rustix v1.1.3
   Compiling recursive v0.1.1
   Compiling sqlparser v0.54.0
   Compiling fixedbitset v0.5.7
   Compiling arrow-array v54.3.1
   Compiling crossbeam-utils v0.8.21
   Compiling datafusion-doc v46.0.1
   Compiling fastrand v2.3.0
   Compiling petgraph v0.7.1
   Compiling hyper v1.8.1
   Compiling tempfile v3.23.0
   Compiling dashmap v6.1.0
   Compiling rand_core v0.9.3
   Compiling anyhow v1.0.100
   Compiling rand_chacha v0.9.0
   Compiling cpufeatures v0.2.17
   Compiling sha2 v0.10.9
   Compiling prost-derive v0.13.5
   Compiling rand v0.9.2
   Compiling hyper-util v0.1.19
   Compiling uuid v1.19.0
   Compiling arrow-select v54.3.1
   Compiling arrow-ipc v54.3.1
   Compiling arrow-arith v54.3.1
   Compiling arrow-row v54.3.1
   Compiling bigdecimal v0.4.9
   Compiling mime v0.3.17
   Compiling hex v0.4.3
   Compiling arrow-cast v54.3.1
   Compiling arrow-ord v54.3.1
   Compiling arrow-string v54.3.1
   Compiling thiserror v2.0.17
   Compiling datafusion-common-runtime v46.0.1
   Compiling arrow-buffer v56.2.0
   Compiling lzma-sys v0.1.20
   Compiling bzip2-sys v0.1.13+1.0.8
   Compiling arrow-schema v56.2.0
   Compiling arrow-json v54.3.1
   Compiling arrow-csv v54.3.1
   Compiling arrow v54.3.1
   Compiling arrow-data v56.2.0
   Compiling matchers v0.2.0
   Compiling tracing-serde v0.2.0
   Compiling sharded-slab v0.1.7
   Compiling metrics v0.24.3
   Compiling tracing-log v0.2.0
   Compiling thread_local v1.1.9
   Compiling arrayvec v0.7.6
   Compiling nu-ansi-term v0.50.3
   Compiling tracing-subscriber v0.3.22
   Compiling arrow-array v56.2.0
   Compiling prost v0.13.5
   Compiling ulid v1.2.1
   Compiling rustls v0.23.35
   Compiling rustls-webpki v0.103.8
   Compiling blake3 v1.8.2
   Compiling zstd-safe v7.2.4
   Compiling zstd v0.13.3
   Compiling datafusion-common v46.0.1
   Compiling prost-types v0.13.5
   Compiling bzip2 v0.5.2
   Compiling axum-core v0.4.5
   Compiling quanta v0.12.6
   Compiling serde_path_to_error v0.1.20
   Compiling time-core v0.1.6
   Compiling num-conv v0.1.0
   Compiling constant_time_eq v0.3.1
   Compiling powerfmt v0.2.0
   Compiling arrayref v0.3.9
   Compiling matchit v0.7.3
   Compiling deranged v0.5.5
   Compiling time-macros v0.2.24
   Compiling rand_xoshiro v0.7.0
   Compiling crossbeam-epoch v0.9.18
   Compiling prost-build v0.13.5
   Compiling blake2 v0.10.6
   Compiling webpki-roots v1.0.4
   Compiling sketches-ddsketch v0.3.0
   Compiling axum v0.7.9
   Compiling glob v0.3.3
   Compiling winnow v0.6.26
   Compiling unicode-segmentation v1.12.0
   Compiling metrics-util v0.19.1
   Compiling zopfli v0.8.3
   Compiling thiserror v1.0.69
   Compiling utoipa-gen v5.4.0
   Compiling datafusion-expr-common v46.0.1
   Compiling time v0.3.44
   Compiling tokio-rustls v0.26.4
   Compiling hyper-rustls v0.27.7
   Compiling arrow-select v56.2.0
   Compiling axum-core v0.5.5
   Compiling arco-proto v0.1.0 (/Users/ethanurbanski/arco/crates/arco-proto)
   Compiling datafusion-physical-expr-common v46.0.1
   Compiling datafusion-functions-aggregate-common v46.0.1
   Compiling datafusion-functions-window-common v46.0.1
   Compiling cron v0.15.0
   Compiling datafusion-expr v46.0.1
   Compiling xattr v1.6.1
   Compiling tokio-stream v0.1.17
   Compiling humantime-serde v1.1.1
   Compiling hmac v0.12.1
   Compiling filetime v0.2.26
   Compiling matchit v0.8.4
   Compiling base32 v0.5.1
   Compiling ryu-js v0.2.2
   Compiling tar v0.4.44
   Compiling pin-project v1.1.10
   Compiling reqwest v0.12.28
   Compiling serde_jcs v0.1.0
   Compiling simple_asn1 v0.6.3
   Compiling axum v0.8.8
   Compiling zip v6.0.0
   Compiling portable-atomic v1.12.0
   Compiling hyper-timeout v0.5.2
   Compiling dashmap v5.5.3
   Compiling spinning_top v0.3.0
   Compiling pem v3.0.6
   Compiling nonzero_ext v0.3.0
   Compiling futures-timer v3.0.3
   Compiling no-std-compat v0.4.1
   Compiling jsonwebtoken v9.3.1
   Compiling governor v0.6.3
   Compiling arrow-ord v56.2.0
   Compiling arrow-string v56.2.0
   Compiling arrow-cast v56.2.0
   Compiling arrow-row v56.2.0
   Compiling arrow-arith v56.2.0
   Compiling async-stream v0.3.6
   Compiling strum v0.27.2
   Compiling rust_decimal v1.39.0
   Compiling hashlink v0.10.0
   Compiling cast v0.3.0
   Compiling fallible-streaming-iterator v0.1.9
   Compiling fallible-iterator v0.3.0
   Compiling tokio-test v0.4.4
   Compiling tonic v0.14.2
   Compiling libduckdb-sys v1.4.3
   Compiling utoipa v5.4.0
   Compiling arrow v56.2.0
   Compiling xz2 v0.1.7
   Compiling async-compression v0.4.19
   Compiling datafusion-macros v46.0.1
   Compiling aws-lc-rs v1.15.2
   Compiling object_store v0.11.2
   Compiling metrics-exporter-prometheus v0.16.2
   Compiling parquet v54.3.1
   Compiling arco-core v0.1.0 (/Users/ethanurbanski/arco/crates/arco-core)
   Compiling arco-catalog v0.1.0 (/Users/ethanurbanski/arco/crates/arco-catalog)
   Compiling arco-flow v0.1.0 (/Users/ethanurbanski/arco/crates/arco-flow)
   Compiling arco-iceberg v0.1.0 (/Users/ethanurbanski/arco/crates/arco-iceberg)
   Compiling datafusion-physical-expr v46.0.1
   Compiling datafusion-execution v46.0.1
   Compiling datafusion-sql v46.0.1
   Compiling datafusion-functions v46.0.1
   Compiling arco-test-utils v0.1.0 (/Users/ethanurbanski/arco/crates/arco-test-utils)
   Compiling datafusion-physical-plan v46.0.1
   Compiling datafusion-functions-aggregate v46.0.1
   Compiling datafusion-optimizer v46.0.1
   Compiling datafusion-functions-window v46.0.1
   Compiling datafusion-functions-nested v46.0.1
   Compiling datafusion-catalog v46.0.1
   Compiling datafusion-physical-optimizer v46.0.1
   Compiling datafusion-datasource v46.0.1
   Compiling datafusion-functions-table v46.0.1
   Compiling datafusion-catalog-listing v46.0.1
   Compiling datafusion v46.0.1
   Compiling duckdb v1.4.3
   Compiling arco-api v0.1.0 (/Users/ethanurbanski/arco/crates/arco-api)
error[E0432]: unresolved import `datafusion::TableReference`
  --> crates/arco-api/src/routes/query.rs:23:5
   |
23 | use datafusion::TableReference;
   |     ^^^^^^^^^^^^^^^^^^^^^^^^^^ no `TableReference` in the root
   |
help: consider importing this enum instead
   |
23 | use datafusion::sql::TableReference;
   |     ~~~~~~~~~~~~~~~~~~~~~~~~~~~~~~~

error[E0412]: cannot find type `DFSchema` in crate `datafusion`
   --> crates/arco-api/src/routes/query.rs:261:26
    |
261 |     schema: &datafusion::DFSchema,
    |                          ^^^^^^^^ not found in `datafusion`
    |
help: consider importing this struct
    |
5   + use datafusion::common::DFSchema;
    |
help: if you import `DFSchema`, refer to it directly
    |
261 -     schema: &datafusion::DFSchema,
261 +     schema: &DFSchema,
    |

warning: unused import: `StatusCode`
 --> crates/arco-api/src/routes/query.rs:9:42
  |
9 | use axum::http::{HeaderMap, HeaderValue, StatusCode, header};
  |                                          ^^^^^^^^^^
  |
  = note: `#[warn(unused_imports)]` on by default

warning: unused import: `IntoResponse`
  --> crates/arco-api/src/routes/query.rs:10:22
   |
10 | use axum::response::{IntoResponse, Response};
   |                      ^^^^^^^^^^^^

error[E0599]: no method named `schema` found for struct `ParquetRecordBatchReader` in the current scope
   --> crates/arco-api/src/routes/query.rs:235:25
    |
235 |     let schema = reader.schema();
    |                         ^^^^^^ private field, not a method
    |
   ::: /Users/ethanurbanski/.cargo/registry/src/index.crates.io-1949cf8c6b5b557f/arrow-array-54.3.1/src/record_batch.rs:35:8
    |
35  |     fn schema(&self) -> SchemaRef;
    |        ------ the method is available for `ParquetRecordBatchReader` here
    |
    = help: items from traits can only be used if the trait is in scope
help: trait `RecordBatchReader` which provides `schema` is implemented but not in scope; perhaps you want to import it
    |
5   + use arrow::array::RecordBatchReader;
    |

Some errors have detailed explanations: E0412, E0432, E0599.
For more information about an error, try `rustc --explain E0412`.
warning: `arco-api` (lib) generated 2 warnings
error: could not compile `arco-api` (lib) due to 3 previous errors; 2 warnings emitted
warning: build failed, waiting for other jobs to finish...
