   Compiling proc-macro2 v1.0.103
   Compiling quote v1.0.42
   Compiling unicode-ident v1.0.22
   Compiling libc v0.2.178
   Compiling cfg-if v1.0.4
   Compiling autocfg v1.5.0
   Compiling libm v0.2.15
   Compiling bytes v1.11.0
   Compiling serde_core v1.0.228
   Compiling zerocopy v0.8.31
   Compiling once_cell v1.21.3
   Compiling serde v1.0.228
   Compiling memchr v2.7.6
   Compiling version_check v0.9.5
   Compiling pin-project-lite v0.2.16
   Compiling core-foundation-sys v0.8.7
   Compiling smallvec v1.15.1
   Compiling getrandom v0.3.4
   Compiling futures-core v0.3.31
   Compiling itoa v1.0.16
   Compiling shlex v1.3.0
   Compiling parking_lot_core v0.9.12
   Compiling find-msvc-tools v0.1.5
   Compiling scopeguard v1.2.0
   Compiling lock_api v0.4.14
   Compiling num-traits v0.2.19
   Compiling iana-time-zone v0.1.64
   Compiling stable_deref_trait v1.2.1
   Compiling futures-sink v0.3.31
   Compiling ahash v0.8.12
   Compiling siphasher v1.0.1
   Compiling chrono-tz v0.10.4
   Compiling slab v0.4.11
   Compiling phf_shared v0.12.1
   Compiling ryu v1.0.21
   Compiling futures-channel v0.3.31
   Compiling arrow-schema v54.3.1
   Compiling phf v0.12.1
   Compiling pin-utils v0.1.0
   Compiling hashbrown v0.15.5
   Compiling futures-io v0.3.31
   Compiling futures-task v0.3.31
   Compiling tracing-core v0.1.36
   Compiling http v1.4.0
   Compiling zeroize v1.8.2
   Compiling hashbrown v0.16.1
   Compiling writeable v0.6.2
   Compiling base64 v0.22.1
   Compiling typenum v1.19.0
   Compiling equivalent v1.0.2
   Compiling serde_json v1.0.146
   Compiling lexical-util v1.0.7
   Compiling litemap v0.8.1
   Compiling indexmap v2.12.1
   Compiling rustls-pki-types v1.13.2
   Compiling aho-corasick v1.1.4
   Compiling generic-array v0.14.7
   Compiling regex-syntax v0.8.8
   Compiling icu_properties_data v2.1.2
   Compiling icu_normalizer_data v2.1.1
   Compiling http-body v1.0.1
   Compiling percent-encoding v2.3.2
   Compiling untrusted v0.9.0
   Compiling httparse v1.10.1
   Compiling regex-automata v0.4.13
   Compiling lexical-write-integer v1.0.6
   Compiling lexical-parse-integer v1.0.6
   Compiling semver v1.0.27
   Compiling bitflags v2.10.0
   Compiling syn v2.0.111
   Compiling either v1.15.0
   Compiling pkg-config v0.3.32
   Compiling try-lock v0.2.5
   Compiling atomic-waker v1.1.2
   Compiling rustls v0.23.35
   Compiling tower-service v0.3.3
   Compiling fnv v1.0.7
   Compiling want v0.3.1
   Compiling rustc_version v0.4.1
   Compiling lexical-parse-float v1.0.6
   Compiling lexical-write-float v1.0.6
   Compiling subtle v2.6.1
   Compiling crossbeam-utils v0.8.21
   Compiling lexical-core v1.0.6
   Compiling flatbuffers v24.12.23
   Compiling form_urlencoded v1.2.2
   Compiling sync_wrapper v1.0.2
   Compiling lazy_static v1.5.0
   Compiling tower-layer v0.3.3
   Compiling log v0.4.29
   Compiling utf8_iter v1.0.4
   Compiling ipnet v2.11.0
   Compiling num-integer v0.1.46
   Compiling jobserver v0.1.34
   Compiling cc v1.2.50
   Compiling parking_lot v0.12.5
   Compiling num-bigint v0.4.6
   Compiling socket2 v0.6.1
   Compiling mio v1.1.1
   Compiling synstructure v0.13.2
   Compiling signal-hook-registry v1.4.7
   Compiling num-iter v0.1.45
   Compiling num-complex v0.4.6
   Compiling getrandom v0.2.16
   Compiling num-rational v0.4.2
   Compiling security-framework-sys v2.15.0
   Compiling core-foundation v0.10.1
   Compiling ring v0.17.14
   Compiling zstd-sys v2.0.16+zstd.1.5.7
   Compiling atoi v2.0.0
   Compiling num v0.4.3
   Compiling security-framework v3.5.1
   Compiling rand_core v0.6.4
   Compiling rand_core v0.9.3
   Compiling regex v1.12.2
   Compiling iri-string v0.7.9
   Compiling zerocopy-derive v0.8.31
   Compiling serde_derive v1.0.228
   Compiling zerofrom-derive v0.1.6
   Compiling yoke-derive v0.8.1
   Compiling tokio-macros v2.6.0
   Compiling zerovec-derive v0.11.2
   Compiling displaydoc v0.2.5
   Compiling tokio v1.48.0
   Compiling futures-macro v0.3.31
   Compiling zerofrom v0.1.6
   Compiling tracing-attributes v0.1.31
   Compiling crypto-common v0.1.7
   Compiling block-buffer v0.10.4
   Compiling rustls-native-certs v0.8.2
   Compiling digest v0.10.7
   Compiling futures-util v0.3.31
   Compiling heck v0.5.0
   Compiling zstd-safe v7.2.4
   Compiling same-file v1.0.6
   Compiling bitflags v1.3.2
   Compiling crc32fast v1.5.0
   Compiling alloc-no-stdlib v2.0.4
   Compiling walkdir v2.5.0
   Compiling snafu-derive v0.8.9
   Compiling alloc-stdlib v0.2.2
   Compiling http-body-util v0.1.3
   Compiling crossbeam-epoch v0.9.18
   Compiling csv-core v0.1.13
   Compiling tracing v0.1.44
   Compiling simd-adler32 v0.3.8
   Compiling adler2 v2.0.1
   Compiling simdutf8 v0.1.5
   Compiling thiserror v2.0.17
   Compiling paste v1.0.15
   Compiling rayon-core v1.13.0
   Compiling snap v1.1.1
   Compiling miniz_oxide v0.8.9
   Compiling snafu v0.8.9
   Compiling crossbeam-deque v0.8.6
   Compiling csv v1.4.0
   Compiling brotli-decompressor v4.0.3
   Compiling yoke v0.8.1
   Compiling half v2.7.1
   Compiling arrow-buffer v54.3.1
   Compiling ppv-lite86 v0.2.21
   Compiling rand_chacha v0.3.1
   Compiling rand_chacha v0.9.0
   Compiling arrow-data v54.3.1
   Compiling rand v0.8.5
   Compiling rand v0.9.2
   Compiling md-5 v0.10.6
   Compiling async-trait v0.1.89
   Compiling thiserror-impl v2.0.17
   Compiling futures-executor v0.3.31
   Compiling chrono v0.4.42
   Compiling futures v0.3.31
   Compiling serde_urlencoded v0.7.1
   Compiling tracing-serde v0.2.0
   Compiling quick-xml v0.37.5
   Compiling cpufeatures v0.2.17
   Compiling matchers v0.2.0
   Compiling ordered-float v2.10.1
   Compiling tracing-log v0.2.0
   Compiling sharded-slab v0.1.7
   Compiling itertools v0.13.0
   Compiling rustls-pemfile v2.2.0
   Compiling thread_local v1.1.9
   Compiling twox-hash v2.1.2
   Compiling humantime v2.3.0
   Compiling integer-encoding v3.0.4
   Compiling tokio-util v0.7.17
   Compiling tower v0.5.2
   Compiling clap_lex v0.7.6
   Compiling anstyle v1.0.13
   Compiling nu-ansi-term v0.50.3
   Compiling ciborium-io v0.2.2
   Compiling h2 v0.4.12
   Compiling tower-http v0.6.8
   Compiling byteorder v1.5.0
   Compiling static_assertions v1.1.0
   Compiling plotters-backend v0.3.7
   Compiling thrift v0.17.0
   Compiling twox-hash v1.6.3
   Compiling plotters-svg v0.3.7
   Compiling tracing-subscriber v0.3.22
   Compiling ciborium-ll v0.2.2
   Compiling clap_builder v4.5.53
   Compiling lz4_flex v0.11.5
   Compiling sha2 v0.10.9
   Compiling ulid v1.2.1
   Compiling flate2 v1.1.5
   Compiling brotli v7.0.0
   Compiling async-stream-impl v0.3.6
   Compiling uuid v1.19.0
   Compiling zerovec v0.11.5
   Compiling zerotrie v0.2.3
   Compiling itertools v0.10.5
   Compiling seq-macro v0.3.6
   Compiling cast v0.3.0
   Compiling hyper v1.8.1
   Compiling hex v0.4.3
   Compiling async-stream v0.3.6
   Compiling rayon v1.11.0
   Compiling ciborium v0.2.2
   Compiling criterion-plot v0.5.0
   Compiling clap v4.5.53
   Compiling plotters v0.3.7
   Compiling tokio-stream v0.1.17
   Compiling hyper-util v0.1.19
   Compiling rustls-webpki v0.103.8
   Compiling tinystr v0.8.2
   Compiling potential_utf v0.1.4
   Compiling icu_locale_core v2.1.1
   Compiling icu_collections v2.1.1
   Compiling tinytemplate v1.2.1
   Compiling metrics v0.24.3
   Compiling arrow-array v54.3.1
   Compiling is-terminal v0.4.17
   Compiling oorandom v11.1.5
   Compiling icu_provider v2.1.1
   Compiling anes v0.1.6
   Compiling tokio-test v0.4.4
   Compiling icu_properties v2.1.2
   Compiling icu_normalizer v2.1.1
   Compiling criterion v0.5.1
   Compiling idna_adapter v1.2.1
   Compiling idna v1.1.0
   Compiling url v2.5.7
   Compiling arrow-select v54.3.1
   Compiling tokio-rustls v0.26.4
   Compiling arrow-ipc v54.3.1
   Compiling arrow-row v54.3.1
   Compiling arrow-arith v54.3.1
   Compiling hyper-rustls v0.27.7
   Compiling reqwest v0.12.28
   Compiling zstd v0.13.3
   Compiling arrow-cast v54.3.1
   Compiling arrow-ord v54.3.1
   Compiling arrow-string v54.3.1
   Compiling object_store v0.11.2
   Compiling arrow-csv v54.3.1
   Compiling arrow-json v54.3.1
   Compiling parquet v54.3.1
   Compiling arrow v54.3.1
   Compiling arco-core v0.1.0 (/Users/ethanurbanski/arco/crates/arco-core)
   Compiling arco-catalog v0.1.0 (/Users/ethanurbanski/arco/crates/arco-catalog)
    Finished `bench` profile [optimized + debuginfo] target(s) in 1m 05s
     Running benches/catalog_lookup.rs (target/release/deps/catalog_lookup-74f9d63251fdc356)
Gnuplot not found, using plotters backend
Benchmarking catalog_lookup/empty_catalog_list_namespaces
Benchmarking catalog_lookup/empty_catalog_list_namespaces: Warming up for 3.0000 s
Benchmarking catalog_lookup/empty_catalog_list_namespaces: Collecting 100 samples in estimated 5.0117 s (601k iterations)
Benchmarking catalog_lookup/empty_catalog_list_namespaces: Analyzing
catalog_lookup/empty_catalog_list_namespaces
                        time:   [8.4084 µs 8.4526 µs 8.5104 µs]
Found 3 outliers among 100 measurements (3.00%)
  2 (2.00%) high mild
  1 (1.00%) high severe
Benchmarking catalog_lookup/list_namespaces/1
Benchmarking catalog_lookup/list_namespaces/1: Warming up for 3.0000 s
Benchmarking catalog_lookup/list_namespaces/1: Collecting 100 samples in estimated 5.0499 s (303k iterations)
Benchmarking catalog_lookup/list_namespaces/1: Analyzing
catalog_lookup/list_namespaces/1
                        time:   [16.562 µs 16.614 µs 16.669 µs]
Found 4 outliers among 100 measurements (4.00%)
  3 (3.00%) high mild
  1 (1.00%) high severe
Benchmarking catalog_lookup/list_namespaces/10
Benchmarking catalog_lookup/list_namespaces/10: Warming up for 3.0000 s
Benchmarking catalog_lookup/list_namespaces/10: Collecting 100 samples in estimated 5.0243 s (273k iterations)
Benchmarking catalog_lookup/list_namespaces/10: Analyzing
catalog_lookup/list_namespaces/10
                        time:   [18.178 µs 18.267 µs 18.357 µs]
Found 1 outliers among 100 measurements (1.00%)
  1 (1.00%) high mild
Benchmarking catalog_lookup/list_namespaces/50
Benchmarking catalog_lookup/list_namespaces/50: Warming up for 3.0000 s
Benchmarking catalog_lookup/list_namespaces/50: Collecting 100 samples in estimated 5.1063 s (232k iterations)
Benchmarking catalog_lookup/list_namespaces/50: Analyzing
catalog_lookup/list_namespaces/50
                        time:   [21.907 µs 21.949 µs 21.988 µs]
Found 2 outliers among 100 measurements (2.00%)
  1 (1.00%) low mild
  1 (1.00%) high severe
Benchmarking catalog_lookup/list_tables/1
Benchmarking catalog_lookup/list_tables/1: Warming up for 3.0000 s
Benchmarking catalog_lookup/list_tables/1: Collecting 100 samples in estimated 5.1699 s (126k iterations)
Benchmarking catalog_lookup/list_tables/1: Analyzing
catalog_lookup/list_tables/1
                        time:   [40.699 µs 40.805 µs 40.917 µs]
Found 5 outliers among 100 measurements (5.00%)
  2 (2.00%) low mild
  3 (3.00%) high mild
Benchmarking catalog_lookup/list_tables/10
Benchmarking catalog_lookup/list_tables/10: Warming up for 3.0000 s
Benchmarking catalog_lookup/list_tables/10: Collecting 100 samples in estimated 5.1540 s (106k iterations)
Benchmarking catalog_lookup/list_tables/10: Analyzing
catalog_lookup/list_tables/10
                        time:   [48.433 µs 48.539 µs 48.654 µs]
Found 4 outliers among 100 measurements (4.00%)
  4 (4.00%) high mild
Benchmarking catalog_lookup/list_tables/50
Benchmarking catalog_lookup/list_tables/50: Warming up for 3.0000 s
Benchmarking catalog_lookup/list_tables/50: Collecting 100 samples in estimated 5.1574 s (66k iterations)
Benchmarking catalog_lookup/list_tables/50: Analyzing
catalog_lookup/list_tables/50
                        time:   [78.469 µs 78.635 µs 78.812 µs]
Found 9 outliers among 100 measurements (9.00%)
  5 (5.00%) low mild
  3 (3.00%) high mild
  1 (1.00%) high severe
Benchmarking catalog_lookup/get_table_single
Benchmarking catalog_lookup/get_table_single: Warming up for 3.0000 s
Benchmarking catalog_lookup/get_table_single: Collecting 100 samples in estimated 5.0217 s (86k iterations)
Benchmarking catalog_lookup/get_table_single: Analyzing
catalog_lookup/get_table_single
                        time:   [57.620 µs 57.718 µs 57.823 µs]
Found 5 outliers among 100 measurements (5.00%)
  3 (3.00%) low mild
  1 (1.00%) high mild
  1 (1.00%) high severe
Benchmarking catalog_lookup/get_columns
Benchmarking catalog_lookup/get_columns: Warming up for 3.0000 s
Benchmarking catalog_lookup/get_columns: Collecting 100 samples in estimated 5.0178 s (91k iterations)
Benchmarking catalog_lookup/get_columns: Analyzing
Criterion.rs ERROR: error: Failed to access file "/Users/ethanurbanski/arco/target/criterion/catalog_lookup/get_columns/new": No space left on device (os error 28)
Criterion.rs ERROR: error: Failed to access file "/Users/ethanurbanski/arco/target/criterion/catalog_lookup/get_columns/new/tukey.json": No such file or directory (os error 2)
Criterion.rs ERROR: error: Failed to access file "/Users/ethanurbanski/arco/target/criterion/catalog_lookup/get_columns/new/sample.json": No such file or directory (os error 2)
Criterion.rs ERROR: error: Failed to access file "/Users/ethanurbanski/arco/target/criterion/catalog_lookup/get_columns/new/estimates.json": No such file or directory (os error 2)
catalog_lookup/get_columns
                        time:   [54.466 µs 54.741 µs 55.030 µs]
Found 1 outliers among 100 measurements (1.00%)
  1 (1.00%) high severe
Criterion.rs ERROR: error: Failed to access file "/Users/ethanurbanski/arco/target/criterion/catalog_lookup/get_columns/report": No space left on device (os error 28)
Criterion.rs ERROR: error: Failed to access file "/Users/ethanurbanski/arco/target/criterion/catalog_lookup/get_columns/new/benchmark.json": No such file or directory (os error 2)
Benchmarking catalog_lookup/read_manifest
Benchmarking catalog_lookup/read_manifest: Warming up for 3.0000 s
Benchmarking catalog_lookup/read_manifest: Collecting 100 samples in estimated 5.0054 s (2.1M iterations)
Benchmarking catalog_lookup/read_manifest: Analyzing
Criterion.rs ERROR: error: Failed to access file "/Users/ethanurbanski/arco/target/criterion/catalog_lookup/read_manifest/new": No space left on device (os error 28)
Criterion.rs ERROR: error: Failed to access file "/Users/ethanurbanski/arco/target/criterion/catalog_lookup/read_manifest/new/tukey.json": No such file or directory (os error 2)
Criterion.rs ERROR: error: Failed to access file "/Users/ethanurbanski/arco/target/criterion/catalog_lookup/read_manifest/new/sample.json": No such file or directory (os error 2)
Criterion.rs ERROR: error: Failed to access file "/Users/ethanurbanski/arco/target/criterion/catalog_lookup/read_manifest/new/estimates.json": No such file or directory (os error 2)
catalog_lookup/read_manifest
                        time:   [2.3880 µs 2.3928 µs 2.3979 µs]
Criterion.rs ERROR: error: Failed to access file "/Users/ethanurbanski/arco/target/criterion/catalog_lookup/read_manifest/report": No space left on device (os error 28)
Criterion.rs ERROR: error: Failed to access file "/Users/ethanurbanski/arco/target/criterion/catalog_lookup/read_manifest/new/benchmark.json": No such file or directory (os error 2)
Criterion.rs ERROR: error: Failed to access file "/Users/ethanurbanski/arco/target/criterion/catalog_lookup/list_namespaces/report": No space left on device (os error 28)
Criterion.rs ERROR: error: Failed to access file "/Users/ethanurbanski/arco/target/criterion/catalog_lookup/list_tables/report": No space left on device (os error 28)
Criterion.rs ERROR: error: Failed to access file "/Users/ethanurbanski/arco/target/criterion/catalog_lookup/1/report": No space left on device (os error 28)
Criterion.rs ERROR: error: Failed to access file "/Users/ethanurbanski/arco/target/criterion/catalog_lookup/10/report": No space left on device (os error 28)
Criterion.rs ERROR: error: Failed to access file "/Users/ethanurbanski/arco/target/criterion/catalog_lookup/50/report": No space left on device (os error 28)
Criterion.rs ERROR: error: Failed to access file "/Users/ethanurbanski/arco/target/criterion/catalog_lookup/report": No space left on device (os error 28)

Criterion.rs ERROR: error: Failed to access file "/Users/ethanurbanski/arco/target/criterion/report/index.html": No space left on device (os error 28)
